================================================================================
🔬 验证V3精确映射（基于EV_POSITION锚点）
================================================================================

📋 配置参数:
   VOXEL.RESOLUTION: 0.2
   VOXEL.SIZE: [192, 192, 64]
   VOXEL.EV_POSITION: [32, 96, 12]

   推导的网格原点:
   X: 0 - 32 * 0.2 = -6.4
   Y: 0 - 96 * 0.2 = -19.200000000000003
   Z: 0 - 12 * 0.2 = -2.4000000000000004
[Warning] 跳过场景 Scenario_debde713-4da4-400b-816c-b10c28a14861: 缺少sensor_setup.json
[AnoVoxDataset] 加载 train 集: 22 场景, 4200 样本

✅ 数据集: 4200 样本
🖥️  设备: cpu

================================================================================
批次 1
================================================================================
点云形状: torch.Size([4, 91969, 4])

🗺️ V3体素网格配置 (基于EV_POSITION锚点):
   EV位置: [32, 96, 12]
   分辨率: 0.2m
   网格原点: [-6.4, -19.2, -2.4]
   样本 0: 异常体素数量 = 3454
   样本 1: 异常体素数量 = 3438
   样本 2: 异常体素数量 = 3446
   样本 3: 异常体素数量 = 3448

📊 批次标签统计:
   有异常的样本: 0/4
   异常点: 0/367,876 (0.00%)
   正常点: 367,876/367,876 (100.00%)

================================================================================
批次 2
================================================================================
点云形状: torch.Size([4, 91974, 4])

🗺️ V3体素网格配置 (基于EV_POSITION锚点):
   EV位置: [32, 96, 12]
   分辨率: 0.2m
   网格原点: [-6.4, -19.2, -2.4]
   样本 0: 异常体素数量 = 3449
   样本 1: 异常体素数量 = 3457
   样本 2: 异常体素数量 = 3614
   样本 3: 异常体素数量 = 3689

📊 批次标签统计:
   有异常的样本: 0/4
   异常点: 0/367,896 (0.00%)
   正常点: 367,896/367,896 (100.00%)

================================================================================
批次 3
================================================================================
点云形状: torch.Size([4, 91789, 4])

🗺️ V3体素网格配置 (基于EV_POSITION锚点):
   EV位置: [32, 96, 12]
   分辨率: 0.2m
   网格原点: [-6.4, -19.2, -2.4]
   样本 0: 异常体素数量 = 3660
   样本 1: 异常体素数量 = 3666
   样本 2: 异常体素数量 = 3632
   样本 3: 异常体素数量 = 3657

📊 批次标签统计:
   有异常的样本: 0/4
   异常点: 0/367,156 (0.00%)
   正常点: 367,156/367,156 (100.00%)

================================================================================
批次 4
================================================================================
点云形状: torch.Size([4, 91669, 4])

🗺️ V3体素网格配置 (基于EV_POSITION锚点):
   EV位置: [32, 96, 12]
   分辨率: 0.2m
   网格原点: [-6.4, -19.2, -2.4]
   样本 0: 异常体素数量 = 3666
   样本 1: 异常体素数量 = 3664
   样本 2: 异常体素数量 = 3615
   样本 3: 异常体素数量 = 3626

📊 批次标签统计:
   有异常的样本: 0/4
   异常点: 0/366,676 (0.00%)
   正常点: 366,676/366,676 (100.00%)

================================================================================
批次 5
================================================================================
点云形状: torch.Size([4, 91357, 4])

🗺️ V3体素网格配置 (基于EV_POSITION锚点):
   EV位置: [32, 96, 12]
   分辨率: 0.2m
   网格原点: [-6.4, -19.2, -2.4]
   样本 0: 异常体素数量 = 3637
   样本 1: 异常体素数量 = 3622
   样本 2: 异常体素数量 = 3569
   样本 3: 异常体素数量 = 3502

📊 批次标签统计:
   有异常的样本: 0/4
   异常点: 0/365,428 (0.00%)
   正常点: 365,428/365,428 (100.00%)

================================================================================
📊 总体统计
================================================================================
总样本数: 20
有异常的样本: 0 (0.0%)
总点数: 1,835,032
异常点: 0 (0.00%)
正常点: 1,835,032 (100.00%)

⚠️ 警告：仍然没有检测到异常点
可能的原因:
1. 异常语义ID集合需要调整
2. 坐标系仍有问题
